Arguments: 
  /home/tobias/.nvm/versions/node/v14.4.0/bin/node /home/tobias/.nvm/versions/node/v14.4.0/bin/yarn prepublish

PATH: 
  /home/tobias/.vscode-server/bin/cd9ea6488829f560dc949a8b2fb789f3cdc05f5d/bin:/home/tobias/.nvm/versions/node/v14.4.0/bin:/usr/local/sbin:/usr/local/bin:/usr/sbin:/usr/bin:/sbin:/bin:/usr/games:/usr/local/games:/mnt/c/Program Files (x86)/Common Files/Oracle/Java/javapath:/mnt/c/Windows/system32:/mnt/c/Windows:/mnt/c/Windows/System32/Wbem:/mnt/c/Windows/System32/WindowsPowerShell/v1.0/:/mnt/c/Windows/System32/OpenSSH/:/mnt/c/Program Files/Microsoft SQL Server/130/Tools/Binn/:/mnt/c/Program Files/dotnet/:/mnt/c/Program Files/Java/jdk1.8.0_191/bin:/mnt/c/Program Files/Git/cmd:/mnt/c/Program Files (x86)/NVIDIA Corporation/PhysX/Common:/mnt/c/Program Files/PuTTY/:/mnt/c/WINDOWS/system32:/mnt/c/WINDOWS:/mnt/c/WINDOWS/System32/Wbem:/mnt/c/WINDOWS/System32/WindowsPowerShell/v1.0/:/mnt/c/WINDOWS/System32/OpenSSH/:/mnt/c/Program Files (x86)/Microsoft SQL Server/150/DTS/Binn/:/mnt/c/Program Files/Microsoft SQL Server/Client SDK/ODBC/170/Tools/Binn/:/mnt/c/Program Files (x86)/Yarn/bin/:/mnt/c/Program Files (x86)/Microsoft SQL Server/150/Tools/Binn/:/mnt/c/Program Files/Microsoft SQL Server/150/Tools/Binn/:/mnt/c/Program Files/Microsoft SQL Server/150/DTS/Binn/:/mnt/c/Program Files/PowerShell/7/:/mnt/c/Program Files/nodejs/:/mnt/c/Program Files/Docker/Docker/resources/bin:/mnt/c/ProgramData/DockerDesktop/version-bin:/mnt/c/Users/tobia/scoop/apps/yarn/current/Yarn/bin:/mnt/c/Users/tobia/scoop/apps/yarn/current/global/node_modules/.bin:/mnt/c/Users/tobia/scoop/shims:/mnt/c/Users/tobia/.cargo/bin:/mnt/c/Users/tobia/.windows-build-tools/python27/:/mnt/c/Program Files (x86)/nodejs/node_modules/npm/node_modules/npm-lifecycle/node-gyp-bin:/mnt/c/Users/tobia/AppData/Roaming/npm/node_modules/windows-build-tools/node_modules/.bin:/mnt/c/Users/tobia/AppData/Roaming/npm/node_modules/.bin:/mnt/c/Program Files (x86)/Microsoft SDKs/TypeScript/2.1:/mnt/c/Program Files (x86)/Microsoft Visual Studio/Shared/Common/VSPerfCollectionTools/:/mnt/c/Program Files (x86)/Microsoft SDKs/Windows/v10.0A/bin/NETFX 4.6.1 Tools/:/mnt/c/Program Files (x86)/Windows Kits/10/bin/x86:/mnt/c/Program Files (x86)/Windows Kits/10/bin/10.0.17134.0/x86:/mnt/c/Program Files (x86)/Microsoft Visual Studio/2017/Professional/MSBuild/15.0/bin:/mnt/c/Windows/Microsoft.NET/Framework/v4.0.30319:/mnt/c/Program Files (x86)/Microsoft Visual Studio/2017/Professional/Common7/IDE/:/mnt/c/Program Files (x86)/Microsoft Visual Studio/2017/Professional/Common7/Tools/:/mnt/c/Program Files (x86)/Common Files/Oracle/Java/javapath:/mnt/c/Windows/system32:/mnt/c/Windows:/mnt/c/Windows/System32/Wbem:/mnt/c/Windows/System32/WindowsPowerShell/v1.0/:/mnt/c/Windows/System32/OpenSSH/:/mnt/c/Program Files/Microsoft SQL Server/130/Tools/Binn/:/mnt/c/Program Files/dotnet/:/mnt/c/Program Files (x86)/nodejs/:/mnt/c/Program Files/Java/jdk1.8.0_191/bin:/mnt/c/Program Files/Git/cmd:/mnt/c/Program Files (x86)/NVIDIA Corporation/PhysX/Common:/mnt/c/Users/tobia/AppData/Local/Microsoft/WindowsApps:/mnt/c/Users/tobia/AppData/Local/Programs/Microsoft VS Code/bin:/mnt/c/Users/tobia/.dotnet/tools:/mnt/c/Users/tobia/AppData/Local/Programs/Azure Data Studio/bin:/mnt/c/Users/tobia/AppData/Local/Yarn/bin:/mnt/c/Users/tobia/AppData/Local/Android/Sdk/build-tools/29.0.0:/mnt/c/3th-party-cli:/mnt/c/Users/tobia/AppData/Local/Microsoft/WindowsApps:/mnt/c/Users/tobia/AppData/Roaming/npm:/snap/bin

Yarn version: 
  1.22.4

Node version: 
  14.4.0

Platform: 
  linux x64

Trace: 
  SyntaxError: /home/tobias/Repos/material-ripple-effect/material-ripple-effect/library/package.json: Unexpected token } in JSON at position 350
      at JSON.parse (<anonymous>)
      at /home/tobias/.nvm/versions/node/v14.4.0/lib/node_modules/yarn/lib/cli.js:1625:59
      at Generator.next (<anonymous>)
      at step (/home/tobias/.nvm/versions/node/v14.4.0/lib/node_modules/yarn/lib/cli.js:310:30)
      at /home/tobias/.nvm/versions/node/v14.4.0/lib/node_modules/yarn/lib/cli.js:321:13

npm manifest: 
  {
    "name": "@jjjrmy/material-ripple-effect",
    "version": "1.0.0",
    "description": "Material Ripple Effect",
    "main": "index.js",
    "scripts": {
      "test": "echo \"Error: no test specified\" && exit 1",
      "prepublish": "webpack"
    },
    "repository": {
      "type": "git",
      "url": "git+https://github.com/jjjrmy/material-ripple-effect.git",
    },
    "keywords": [
      "material",
      "ripple",
      "effect"
    ],
    "author": "Jeremy Holstein <jjjrmy@gmail.com>",
    "license": "ISC",
    "bugs": {
      "url": "https://github.com/jjjrmy/material-ripple-effect/issues"
    },
    "homepage": "https://github.com/jjjrmy/material-ripple-effect#readme"
  }

yarn manifest: 
  No manifest

Lockfile: 
  No lockfile
